This is pdfTeX, Version 3.14159265-2.6-1.40.21 (TeX Live 2020) (preloaded format=pdflatex 2020.11.2)  22 MAY 2024 12:25
entering extended mode
 restricted \write18 enabled.
 %&-line parsing enabled.
**2_main_tables_appendix.tex
(./2_main_tables_appendix.tex
LaTeX2e <2020-02-02> patch level 5
L3 programming layer <2020-03-06>
(/usr/local/texlive/2020/texmf-dist/tex/latex/base/article.cls
Document Class: article 2019/12/20 v1.4l Standard LaTeX document class
(/usr/local/texlive/2020/texmf-dist/tex/latex/base/size10.clo
File: size10.clo 2019/12/20 v1.4l Standard LaTeX file (size option)
)
\c@part=\count167
\c@section=\count168
\c@subsection=\count169
\c@subsubsection=\count170
\c@paragraph=\count171
\c@subparagraph=\count172
\c@figure=\count173
\c@table=\count174
\abovecaptionskip=\skip47
\belowcaptionskip=\skip48
\bibindent=\dimen134
)
(/usr/local/texlive/2020/texmf-dist/tex/latex/booktabs/booktabs.sty
Package: booktabs 2020/01/12 v1.61803398 Publication quality tables
\heavyrulewidth=\dimen135
\lightrulewidth=\dimen136
\cmidrulewidth=\dimen137
\belowrulesep=\dimen138
\belowbottomsep=\dimen139
\aboverulesep=\dimen140
\abovetopsep=\dimen141
\cmidrulesep=\dimen142
\cmidrulekern=\dimen143
\defaultaddspace=\dimen144
\@cmidla=\count175
\@cmidlb=\count176
\@aboverulesep=\dimen145
\@belowrulesep=\dimen146
\@thisruleclass=\count177
\@lastruleclass=\count178
\@thisrulewidth=\dimen147
)
(/usr/local/texlive/2020/texmf-dist/tex/latex/graphics/graphicx.sty
Package: graphicx 2019/11/30 v1.2a Enhanced LaTeX Graphics (DPC,SPQR)

(/usr/local/texlive/2020/texmf-dist/tex/latex/graphics/keyval.sty
Package: keyval 2014/10/28 v1.15 key=value parser (DPC)
\KV@toks@=\toks15
)
(/usr/local/texlive/2020/texmf-dist/tex/latex/graphics/graphics.sty
Package: graphics 2019/11/30 v1.4a Standard LaTeX Graphics (DPC,SPQR)

(/usr/local/texlive/2020/texmf-dist/tex/latex/graphics/trig.sty
Package: trig 2016/01/03 v1.10 sin cos tan (DPC)
)
(/usr/local/texlive/2020/texmf-dist/tex/latex/graphics-cfg/graphics.cfg
File: graphics.cfg 2016/06/04 v1.11 sample graphics configuration
)
Package graphics Info: Driver file: pdftex.def on input line 105.

(/usr/local/texlive/2020/texmf-dist/tex/latex/graphics-def/pdftex.def
File: pdftex.def 2018/01/08 v1.0l Graphics/color driver for pdftex
))
\Gin@req@height=\dimen148
\Gin@req@width=\dimen149
)
(/usr/local/texlive/2020/texmf-dist/tex/latex/caption/caption.sty
Package: caption 2020/01/03 v3.4h Customizing captions (AR)

(/usr/local/texlive/2020/texmf-dist/tex/latex/caption/caption3.sty
Package: caption3 2020/01/03 v1.8h caption3 kernel (AR)
Package caption3 Info: TeX engine: e-TeX on input line 61.
\captionmargin=\dimen150
\captionmargin@=\dimen151
\captionwidth=\dimen152
\caption@tempdima=\dimen153
\caption@indent=\dimen154
\caption@parindent=\dimen155
\caption@hangindent=\dimen156
Package caption Info: Standard document class detected.
)
\c@caption@flags=\count179
\c@continuedfloat=\count180
)
(/usr/local/texlive/2020/texmf-dist/tex/latex/xcolor/xcolor.sty
Package: xcolor 2016/05/11 v2.12 LaTeX color extensions (UK)

(/usr/local/texlive/2020/texmf-dist/tex/latex/graphics-cfg/color.cfg
File: color.cfg 2016/01/02 v1.6 sample color configuration
)
Package xcolor Info: Driver file: pdftex.def on input line 225.

(/usr/local/texlive/2020/texmf-dist/tex/latex/colortbl/colortbl.sty
Package: colortbl 2020/01/04 v1.0e Color table columns (DPC)

(/usr/local/texlive/2020/texmf-dist/tex/latex/tools/array.sty
Package: array 2019/08/31 v2.4l Tabular extension package (FMi)
\col@sep=\dimen157
\ar@mcellbox=\box45
\extrarowheight=\dimen158
\NC@list=\toks16
\extratabsurround=\skip49
\backup@length=\skip50
\ar@cellbox=\box46
)
\everycr=\toks17
\minrowclearance=\skip51
)
\rownum=\count181
Package xcolor Info: Model `cmy' substituted by `cmy0' on input line 1348.
Package xcolor Info: Model `hsb' substituted by `rgb' on input line 1352.
Package xcolor Info: Model `RGB' extended on input line 1364.
Package xcolor Info: Model `HTML' substituted by `rgb' on input line 1366.
Package xcolor Info: Model `Hsb' substituted by `hsb' on input line 1367.
Package xcolor Info: Model `tHsb' substituted by `hsb' on input line 1368.
Package xcolor Info: Model `HSB' substituted by `hsb' on input line 1369.
Package xcolor Info: Model `Gray' substituted by `gray' on input line 1370.
Package xcolor Info: Model `wave' substituted by `hsb' on input line 1371.
)
(/usr/local/texlive/2020/texmf-dist/tex/latex/pdflscape/pdflscape.sty
Package: pdflscape 2019/12/05 v0.12 Display of landscape pages in PDF (HO)

(/usr/local/texlive/2020/texmf-dist/tex/generic/iftex/iftex.sty
Package: iftex 2020/03/06 v1.0d TeX engine tests
)
(/usr/local/texlive/2020/texmf-dist/tex/latex/graphics/lscape.sty
Package: lscape 2000/10/22 v3.01 Landscape Pages (DPC)
)
Package pdflscape Info: Auto-detected driver: pdftex on input line 81.
)
(/usr/local/texlive/2020/texmf-dist/tex/latex/arydshln/arydshln.sty
Package: arydshln 2019/02/21 v1.76 
\dashlinedash=\dimen159
\dashlinegap=\dimen160
\adl@box=\box47
\adl@height=\dimen161
\adl@heightsave=\dimen162
\adl@depth=\dimen163
\adl@depthsave=\dimen164
\adl@finaldepth=\dimen165
\adl@columns=\count182
\adl@ncol=\count183
\adl@currentcolumn=\count184
\adl@currentcolumnsave=\count185
\adl@totalheight=\count186
\adl@totalheightsave=\count187
\adl@dash=\count188
\adl@gap=\count189
\adl@cla=\count190
\adl@clb=\count191
\adl@everyvbox=\toks18
\adl@LTpagetotal=\dimen166
)
(/usr/local/texlive/2020/texmf-dist/tex/latex/adjustbox/adjustbox.sty
Package: adjustbox 2019/01/04 v1.2 Adjusting TeX boxes (trim, clip, ...)

(/usr/local/texlive/2020/texmf-dist/tex/latex/xkeyval/xkeyval.sty
Package: xkeyval 2014/12/03 v2.7a package option processing (HA)

(/usr/local/texlive/2020/texmf-dist/tex/generic/xkeyval/xkeyval.tex
(/usr/local/texlive/2020/texmf-dist/tex/generic/xkeyval/xkvutils.tex
\XKV@toks=\toks19
\XKV@tempa@toks=\toks20
)
\XKV@depth=\count192
File: xkeyval.tex 2014/12/03 v2.7a key=value parser (HA)
))
(/usr/local/texlive/2020/texmf-dist/tex/latex/adjustbox/adjcalc.sty
Package: adjcalc 2012/05/16 v1.1 Provides advanced setlength with multiple back
-ends (calc, etex, pgfmath)
)
(/usr/local/texlive/2020/texmf-dist/tex/latex/adjustbox/trimclip.sty
Package: trimclip 2018/04/08 v1.1 Trim and clip general TeX material

(/usr/local/texlive/2020/texmf-dist/tex/latex/collectbox/collectbox.sty
Package: collectbox 2012/05/17 v0.4b Collect macro arguments as boxes
\collectedbox=\box48
)
\tc@llx=\dimen167
\tc@lly=\dimen168
\tc@urx=\dimen169
\tc@ury=\dimen170
Package trimclip Info: Using driver 'tc-pdftex.def'.

(/usr/local/texlive/2020/texmf-dist/tex/latex/adjustbox/tc-pdftex.def
File: tc-pdftex.def 2019/01/04 v2.2 Clipping driver for pdftex
))
\adjbox@Width=\dimen171
\adjbox@Height=\dimen172
\adjbox@Depth=\dimen173
\adjbox@Totalheight=\dimen174
\adjbox@pwidth=\dimen175
\adjbox@pheight=\dimen176
\adjbox@pdepth=\dimen177
\adjbox@ptotalheight=\dimen178

(/usr/local/texlive/2020/texmf-dist/tex/latex/ifoddpage/ifoddpage.sty
Package: ifoddpage 2016/04/23 v1.1 Conditionals for odd/even page detection
\c@checkoddpage=\count193
)
(/usr/local/texlive/2020/texmf-dist/tex/latex/varwidth/varwidth.sty
Package: varwidth 2009/03/30 ver 0.92;  Variable-width minipages
\@vwid@box=\box49
\sift@deathcycles=\count194
\@vwid@loff=\dimen179
\@vwid@roff=\dimen180
))
(/usr/local/texlive/2020/texmf-dist/tex/latex/siunitx/siunitx.sty
(/usr/local/texlive/2020/texmf-dist/tex/latex/l3kernel/expl3.sty
Package: expl3 2020-03-06 L3 programming layer (loader) 

(/usr/local/texlive/2020/texmf-dist/tex/latex/l3backend/l3backend-pdfmode.def
File: l3backend-pdfmode.def 2020-03-12 L3 backend support: PDF mode
\l__kernel_color_stack_int=\count195
\l__pdf_internal_box=\box50
)) (/usr/local/texlive/2020/texmf-dist/tex/latex/l3packages/xparse/xparse.sty
Package: xparse 2020-03-06 L3 Experimental document command parser
\l__xparse_current_arg_int=\count196
\g__xparse_grabber_int=\count197
\l__xparse_m_args_int=\count198
\l__xparse_v_nesting_int=\count199
)
Package: siunitx 2020/02/25 v2.8b A comprehensive (SI) units package

(/usr/local/texlive/2020/texmf-dist/tex/latex/amsmath/amstext.sty
Package: amstext 2000/06/29 v2.01 AMS text

(/usr/local/texlive/2020/texmf-dist/tex/latex/amsmath/amsgen.sty
File: amsgen.sty 1999/11/30 v2.0 generic functions
\@emptytoks=\toks21
\ex@=\dimen181
))
(/usr/local/texlive/2020/texmf-dist/tex/latex/l3packages/l3keys2e/l3keys2e.sty
Package: l3keys2e 2020-03-06 LaTeX2e option processing using LaTeX3 keys
)
\l__siunitx_tmp_box=\box51
\l__siunitx_tmp_dim=\dimen182
\l__siunitx_tmp_int=\count266
\l__siunitx_number_mantissa_length_int=\count267
\l__siunitx_number_uncert_length_int=\count268
\l__siunitx_round_int=\count269
\l__siunitx_process_decimal_int=\count270
\l__siunitx_process_uncertainty_int=\count271
\l__siunitx_process_fixed_int=\count272
\l__siunitx_process_integer_min_int=\count273
\l__siunitx_process_precision_int=\count274
\l__siunitx_group_min_int=\count275
\l__siunitx_angle_marker_box=\box52
\l__siunitx_angle_unit_box=\box53
\l__siunitx_angle_marker_dim=\dimen183
\l__siunitx_angle_unit_dim=\dimen184
\l__siunitx_unit_int=\count276
\l__siunitx_unit_denominator_int=\count277
\l__siunitx_unit_numerator_int=\count278
\l__siunitx_unit_prefix_int=\count279
\l__siunitx_unit_prefix_base_int=\count280
\l__siunitx_unit_prefix_gram_int=\count281
\l__siunitx_number_product_int=\count282
\c__siunitx_one_fill_skip=\skip52
\l__siunitx_table_unit_align_skip=\skip53
\l__siunitx_table_exponent_dim=\dimen185
\l__siunitx_table_integer_dim=\dimen186
\l__siunitx_table_mantissa_dim=\dimen187
\l__siunitx_table_marker_dim=\dimen188
\l__siunitx_table_result_dim=\dimen189
\l__siunitx_table_uncert_dim=\dimen190
\l__siunitx_table_fill_pre_dim=\dimen191
\l__siunitx_table_fill_post_dim=\dimen192
\l__siunitx_table_fill_mid_dim=\dimen193
\l__siunitx_table_pre_box=\box54
\l__siunitx_table_post_box=\box55
\l__siunitx_table_mantissa_box=\box56
\l__siunitx_table_result_box=\box57
\l__siunitx_table_number_align_skip=\skip54
\l__siunitx_table_text_align_skip=\skip55
(/usr/local/texlive/2020/texmf-dist/tex/latex/translator/translator.sty
Package: translator 2019-05-31 v1.12a Easy translation of strings in LaTeX
))
(/usr/local/texlive/2020/texmf-dist/tex/latex/amsmath/amsmath.sty
Package: amsmath 2020/01/20 v2.17e AMS math features
\@mathmargin=\skip56

For additional information on amsmath, use the `?' option.
(/usr/local/texlive/2020/texmf-dist/tex/latex/amsmath/amsbsy.sty
Package: amsbsy 1999/11/29 v1.2d Bold Symbols
\pmbraise@=\dimen194
)
(/usr/local/texlive/2020/texmf-dist/tex/latex/amsmath/amsopn.sty
Package: amsopn 2016/03/08 v2.02 operator names
)
\inf@bad=\count283
LaTeX Info: Redefining \frac on input line 227.
\uproot@=\count284
\leftroot@=\count285
LaTeX Info: Redefining \overline on input line 389.
\classnum@=\count286
\DOTSCASE@=\count287
LaTeX Info: Redefining \ldots on input line 486.
LaTeX Info: Redefining \dots on input line 489.
LaTeX Info: Redefining \cdots on input line 610.
\Mathstrutbox@=\box58
\strutbox@=\box59
\big@size=\dimen195
LaTeX Font Info:    Redeclaring font encoding OML on input line 733.
LaTeX Font Info:    Redeclaring font encoding OMS on input line 734.
\macc@depth=\count288
\c@MaxMatrixCols=\count289
\dotsspace@=\muskip16
\c@parentequation=\count290
\dspbrk@lvl=\count291
\tag@help=\toks22
\row@=\count292
\column@=\count293
\maxfields@=\count294
\andhelp@=\toks23
\eqnshift@=\dimen196
\alignsep@=\dimen197
\tagshift@=\dimen198
\tagwidth@=\dimen199
\totwidth@=\dimen256
\lineht@=\dimen257
\@envbody=\toks24
\multlinegap=\skip57
\multlinetaggap=\skip58
\mathdisplay@stack=\toks25
LaTeX Info: Redefining \[ on input line 2859.
LaTeX Info: Redefining \] on input line 2860.
)
(/usr/local/texlive/2020/texmf-dist/tex/latex/graphics/rotating.sty
Package: rotating 2016/08/11 v2.16d rotated objects in LaTeX

(/usr/local/texlive/2020/texmf-dist/tex/latex/base/ifthen.sty
Package: ifthen 2014/09/29 v1.1c Standard LaTeX ifthen package (DPC)
)
\c@r@tfl@t=\count295
\rotFPtop=\skip59
\rotFPbot=\skip60
\rot@float@box=\box60
\rot@mess@toks=\toks26
)
(./2_main_tables_appendix.aux

LaTeX Warning: Label `fig:gross_income' multiply defined.


LaTeX Warning: Label `fig:residual_income' multiply defined.


LaTeX Warning: Label `fig:gross_income' multiply defined.


LaTeX Warning: Label `fig:gross_income' multiply defined.


LaTeX Warning: Label `fig:gross_income' multiply defined.


LaTeX Warning: Label `fig:gross_income' multiply defined.


LaTeX Warning: Label `fig:gross_income' multiply defined.


LaTeX Warning: Label `fig:gross_income' multiply defined.


LaTeX Warning: Label `fig:gross_income' multiply defined.


LaTeX Warning: Label `tab:yourlabel' multiply defined.


LaTeX Warning: Label `tab:yourlabel' multiply defined.


LaTeX Warning: Label `tab:yourlabel' multiply defined.


LaTeX Warning: Label `tab:yourlabel' multiply defined.


LaTeX Warning: Label `tab:yourlabel' multiply defined.


LaTeX Warning: Label `tab:yourlabel' multiply defined.


LaTeX Warning: Label `tab:yourlabel' multiply defined.


LaTeX Warning: Label `tab:yourlabel' multiply defined.


LaTeX Warning: Label `tab:yourlabel' multiply defined.


LaTeX Warning: Label `tab:yourlabel' multiply defined.


LaTeX Warning: Label `tab:yourlabel' multiply defined.


LaTeX Warning: Label `tab:yourlabel' multiply defined.


LaTeX Warning: Label `tab:yourlabel' multiply defined.


LaTeX Warning: Label `tab:yourlabel' multiply defined.


LaTeX Warning: Label `tab:yourlabel' multiply defined.


LaTeX Warning: Label `tab:yourlabel' multiply defined.


LaTeX Warning: Label `tab:yourlabel' multiply defined.

)
\openout1 = `2_main_tables_appendix.aux'.

LaTeX Font Info:    Checking defaults for OML/cmm/m/it on input line 15.
LaTeX Font Info:    ... okay on input line 15.
LaTeX Font Info:    Checking defaults for OMS/cmsy/m/n on input line 15.
LaTeX Font Info:    ... okay on input line 15.
LaTeX Font Info:    Checking defaults for OT1/cmr/m/n on input line 15.
LaTeX Font Info:    ... okay on input line 15.
LaTeX Font Info:    Checking defaults for T1/cmr/m/n on input line 15.
LaTeX Font Info:    ... okay on input line 15.
LaTeX Font Info:    Checking defaults for TS1/cmr/m/n on input line 15.
LaTeX Font Info:    ... okay on input line 15.
LaTeX Font Info:    Checking defaults for OMX/cmex/m/n on input line 15.
LaTeX Font Info:    ... okay on input line 15.
LaTeX Font Info:    Checking defaults for U/cmr/m/n on input line 15.
LaTeX Font Info:    ... okay on input line 15.
 (/usr/local/texlive/2020/texmf-dist/tex/context/base/mkii/supp-pdf.mkii
[Loading MPS to PDF converter (version 2006.09.02).]
\scratchcounter=\count296
\scratchdimen=\dimen258
\scratchbox=\box61
\nofMPsegments=\count297
\nofMParguments=\count298
\everyMPshowfont=\toks27
\MPscratchCnt=\count299
\MPscratchDim=\dimen259
\MPnumerator=\count300
\makeMPintoPDFobject=\count301
\everyMPtoPDFconversion=\toks28
) (/usr/local/texlive/2020/texmf-dist/tex/latex/epstopdf-pkg/epstopdf-base.sty
Package: epstopdf-base 2020-01-24 v2.11 Base part for package epstopdf
Package epstopdf-base Info: Redefining graphics rule for `.eps' on input line 4
85.

(/usr/local/texlive/2020/texmf-dist/tex/latex/latexconfig/epstopdf-sys.cfg
File: epstopdf-sys.cfg 2010/07/13 v1.3 Configuration of (r)epstopdf for TeX Liv
e
))
Package caption Info: Begin \AtBeginDocument code.
Package caption Info: rotating package is loaded.
Package caption Info: End \AtBeginDocument code.

(/usr/local/texlive/2020/texmf-dist/tex/latex/translator/translator-basic-dicti
onary-English.dict
Dictionary: translator-basic-dictionary, Language: English 
)
(/usr/local/texlive/2020/texmf-dist/tex/latex/siunitx/siunitx-abbreviations.cfg
File: siunitx-abbreviations.cfg 2017/11/26 v2.7k siunitx: Abbreviated units
) [1

{/usr/local/texlive/2020/texmf-var/fonts/map/pdftex/updmap/pdftex.map}]
<grossvar_replication_1998.png, id=7, 1084.05pt x 542.025pt>
File: grossvar_replication_1998.png Graphic file (type png)
<use grossvar_replication_1998.png>
Package pdftex.def Info: grossvar_replication_1998.png  used on input line 28.
(pdftex.def)             Requested size: 345.0pt x 172.50041pt.
<resvar_replication_1998.png, id=8, 1084.05pt x 542.025pt>
File: resvar_replication_1998.png Graphic file (type png)
<use resvar_replication_1998.png>
Package pdftex.def Info: resvar_replication_1998.png  used on input line 34.
(pdftex.def)             Requested size: 345.0pt x 172.50041pt.

[2 <./grossvar_replication_1998.png> <./resvar_replication_1998.png>]
<grossvar_extension_1998.png, id=12, 1084.05pt x 542.025pt>
File: grossvar_extension_1998.png Graphic file (type png)
<use grossvar_extension_1998.png>
Package pdftex.def Info: grossvar_extension_1998.png  used on input line 47.
(pdftex.def)             Requested size: 345.0pt x 172.50041pt.
<resvar_extension_1998.png, id=13, 1084.05pt x 542.025pt>
File: resvar_extension_1998.png Graphic file (type png)
<use resvar_extension_1998.png>
Package pdftex.def Info: resvar_extension_1998.png  used on input line 53.
(pdftex.def)             Requested size: 345.0pt x 172.50041pt.
 [3 <./grossvar_extension_1998.png> <./resvar_extension_1998.png>] [4



]
<1_output_errcorr_singleind.pdf, id=20, 361.35pt x 578.16pt>
File: 1_output_errcorr_singleind.pdf Graphic file (type pdf)
<use 1_output_errcorr_singleind.pdf>
Package pdftex.def Info: 1_output_errcorr_singleind.pdf  used on input line 75.

(pdftex.def)             Requested size: 345.0pt x 552.00134pt.


LaTeX Warning: Float too large for page by 36.00134pt on input line 78.

[5 <./1_output_errcorr_singleind.pdf>]
<2_output_errcorr_sdemployer.pdf, id=29, 361.35pt x 578.16pt>
File: 2_output_errcorr_sdemployer.pdf Graphic file (type pdf)
<use 2_output_errcorr_sdemployer.pdf>
Package pdftex.def Info: 2_output_errcorr_sdemployer.pdf  used on input line 88
.
(pdftex.def)             Requested size: 345.0pt x 552.00134pt.


LaTeX Warning: Float too large for page by 36.00134pt on input line 91.

[6 <./2_output_errcorr_sdemployer.pdf>]
<3_output_errcorr_log_indfirms.pdf, id=38, 361.35pt x 578.16pt>
File: 3_output_errcorr_log_indfirms.pdf Graphic file (type pdf)
<use 3_output_errcorr_log_indfirms.pdf>
Package pdftex.def Info: 3_output_errcorr_log_indfirms.pdf  used on input line 
100.
(pdftex.def)             Requested size: 345.0pt x 552.00134pt.


LaTeX Warning: Float too large for page by 36.00134pt on input line 103.

[7 <./3_output_errcorr_log_indfirms.pdf>]
<4_output_errcorr_nr_ind_in_reg.pdf, id=48, 361.35pt x 578.16pt>
File: 4_output_errcorr_nr_ind_in_reg.pdf Graphic file (type pdf)
<use 4_output_errcorr_nr_ind_in_reg.pdf>
Package pdftex.def Info: 4_output_errcorr_nr_ind_in_reg.pdf  used on input line
 115.
(pdftex.def)             Requested size: 345.0pt x 552.00134pt.


LaTeX Warning: Float too large for page by 36.00134pt on input line 118.

[8 <./4_output_errcorr_nr_ind_in_reg.pdf>]
<5_output_errcorr_ent.pdf, id=57, 361.35pt x 578.16pt>
File: 5_output_errcorr_ent.pdf Graphic file (type pdf)
<use 5_output_errcorr_ent.pdf>
Package pdftex.def Info: 5_output_errcorr_ent.pdf  used on input line 127.
(pdftex.def)             Requested size: 345.0pt x 552.00134pt.


LaTeX Warning: Float too large for page by 36.00134pt on input line 130.

[9 <./5_output_errcorr_ent.pdf>]
<6_output_errcorr_indfirmXindreg.pdf, id=66, 361.35pt x 578.16pt>
File: 6_output_errcorr_indfirmXindreg.pdf Graphic file (type pdf)
<use 6_output_errcorr_indfirmXindreg.pdf>
Package pdftex.def Info: 6_output_errcorr_indfirmXindreg.pdf  used on input lin
e 140.
(pdftex.def)             Requested size: 345.0pt x 552.00134pt.


LaTeX Warning: Float too large for page by 36.00134pt on input line 143.

[10 <./6_output_errcorr_indfirmXindreg.pdf>]
<7_output_errcorr_indfirmXent.pdf, id=75, 361.35pt x 578.16pt>
File: 7_output_errcorr_indfirmXent.pdf Graphic file (type pdf)
<use 7_output_errcorr_indfirmXent.pdf>
Package pdftex.def Info: 7_output_errcorr_indfirmXent.pdf  used on input line 1
52.
(pdftex.def)             Requested size: 345.0pt x 552.00134pt.


LaTeX Warning: Float too large for page by 36.00134pt on input line 155.

[11 <./7_output_errcorr_indfirmXent.pdf>] [12








] (./table1a.tex) [13

]
(./table2a.tex
Overfull \hbox (59.38995pt too wide) in paragraph at lines 6--24
 [][] 
 []

) [14


] (./table3.tex) [15


] (./table4.tex) [16

] (./table5.tex)

LaTeX Warning: Float too large for page by 69.74757pt on input line 238.

[17] (./table6.tex)

LaTeX Warning: Float too large for page by 62.68762pt on input line 256.

[18] (./table1b.tex) [19







] (./table2b.tex
Overfull \hbox (62.72328pt too wide) in paragraph at lines 6--24
 [][] 
 []

) [20


] (./table3b.tex) [21


] (./table4b.tex) [22

] (./table5b.tex)

LaTeX Warning: Float too large for page by 69.74757pt on input line 344.

[23] (./table6b.tex)

LaTeX Warning: Float too large for page by 59.86548pt on input line 362.

[24] (./table1c.tex) [25







] (./table2c.tex
Overfull \hbox (59.38995pt too wide) in paragraph at lines 6--24
 [][] 
 []

) [26


] (./table3c.tex) [27


] (./table4c.tex) [28

] (./table5c.tex)

LaTeX Warning: Float too large for page by 81.74757pt on input line 447.

[29] (./table6c.tex)

LaTeX Warning: Float too large for page by 80.0075pt on input line 465.

[30] (./table1d.tex) [31







] (./table2d.tex
Overfull \hbox (62.72328pt too wide) in paragraph at lines 6--24
 [][] 
 []

) [32


] (./table3d.tex) [33


] (./table4d.tex) [34

] (./table5d.tex)

LaTeX Warning: Float too large for page by 81.74757pt on input line 553.

[35] (./table6d.tex)

LaTeX Warning: Float too large for page by 59.86548pt on input line 571.

[36] (./table3e.tex) [37] (./table4e.tex) [38] (./2_main_tables_appendix.aux)

LaTeX Warning: There were multiply-defined labels.

 ) 
Here is how much of TeX's memory you used:
 7818 strings out of 480608
 156748 string characters out of 5903630
 414439 words of memory out of 5000000
 23544 multiletter control sequences out of 15000+600000
 534547 words of font info for 33 fonts, out of 8000000 for 9000
 1141 hyphenation exceptions out of 8191
 41i,12n,79p,324b,565s stack positions out of 5000i,500n,10000p,200000b,80000s
</usr/local/texlive/2020/texmf-dist/fonts/type1/public/amsfonts/cm/cmmi10.pfb
></usr/local/texlive/2020/texmf-dist/fonts/type1/public/amsfonts/cm/cmr10.pfb><
/usr/local/texlive/2020/texmf-dist/fonts/type1/public/amsfonts/cm/cmr7.pfb></us
r/local/texlive/2020/texmf-dist/fonts/type1/public/amsfonts/cm/cmsy7.pfb></usr/
local/texlive/2020/texmf-dist/fonts/type1/public/amsfonts/cm/cmti10.pfb>
Output written on 2_main_tables_appendix.pdf (38 pages, 3449558 bytes).
PDF statistics:
 195 PDF objects out of 1000 (max. 8388607)
 130 compressed objects within 2 object streams
 0 named destinations out of 1000 (max. 500000)
 56 words of extra memory for PDF output out of 10000 (max. 10000000)

